/tmp2/cshsieh/mvsplat/src/scripts/train_deepjscc.py:34: FutureWarning: You are using `torch.load` with `weights_only=False` (the current default value), which uses the default pickle module implicitly. It is possible to construct malicious pickle data which will execute arbitrary code during unpickling (See https://github.com/pytorch/pytorch/blob/main/SECURITY.md#untrusted-models for more details). In a future release, the default value for `weights_only` will be flipped to `True`. This limits the functions that could be executed during unpickling. Arbitrary objects will no longer be allowed to be loaded via this mode unless they are explicitly allowlisted by the user via `torch.serialization.add_safe_globals`. We recommend you start setting `weights_only=True` for any use case where you don't have full control of the loaded file. Please open an issue on GitHub for any issues related to this experimental feature.
  for example in torch.load(chunk_path):
/tmp2/cshsieh/envs/mvsplat/lib/python3.10/site-packages/torchvision/models/_utils.py:208: UserWarning: The parameter 'pretrained' is deprecated since 0.13 and may be removed in the future, please use 'weights' instead.
  warnings.warn(
/tmp2/cshsieh/envs/mvsplat/lib/python3.10/site-packages/torchvision/models/_utils.py:223: UserWarning: Arguments other than a weight enum or `None` for 'weights' are deprecated since 0.13 and may be removed in the future. The current behavior is equivalent to passing `weights=VGG16_Weights.IMAGENET1K_V1`. You can also use `weights=VGG16_Weights.DEFAULT` to get the most up-to-date weights.
  warnings.warn(msg)
/tmp2/cshsieh/envs/mvsplat/lib/python3.10/site-packages/lpips/lpips.py:107: FutureWarning: You are using `torch.load` with `weights_only=False` (the current default value), which uses the default pickle module implicitly. It is possible to construct malicious pickle data which will execute arbitrary code during unpickling (See https://github.com/pytorch/pytorch/blob/main/SECURITY.md#untrusted-models for more details). In a future release, the default value for `weights_only` will be flipped to `True`. This limits the functions that could be executed during unpickling. Arbitrary objects will no longer be allowed to be loaded via this mode unless they are explicitly allowlisted by the user via `torch.serialization.add_safe_globals`. We recommend you start setting `weights_only=True` for any use case where you don't have full control of the loaded file. Please open an issue on GitHub for any issues related to this experimental feature.
  self.load_state_dict(torch.load(model_path, map_location='cpu'), strict=False)
datasets/re10k/train: 5488 frames
datasets/re10k/test: 5571 frames
Setting up [LPIPS] perceptual loss: trunk [vgg], v[0.1], spatial [off]
Loading model from: /tmp2/cshsieh/envs/mvsplat/lib/python3.10/site-packages/lpips/weights/v0.1/vgg.pth
step 200/40000 loss 0.6738 train_psnr 11.15 (0.16s/it)
step 400/40000 loss 0.6186 train_psnr 11.68 (0.16s/it)
step 600/40000 loss 0.6033 train_psnr 11.92 (0.16s/it)
step 800/40000 loss 0.5929 train_psnr 11.44 (0.16s/it)
step 1000/40000 loss 0.5811 train_psnr 11.37 (0.16s/it)
step 1200/40000 loss 0.5643 train_psnr 11.36 (0.16s/it)
step 1400/40000 loss 0.5383 train_psnr 12.78 (0.16s/it)
step 1600/40000 loss 0.4995 train_psnr 12.22 (0.16s/it)
step 1800/40000 loss 0.4736 train_psnr 12.69 (0.16s/it)
step 2000/40000 loss 0.4969 train_psnr 11.52 (0.16s/it)
step 2200/40000 loss 0.4284 train_psnr 12.24 (0.16s/it)
step 2400/40000 loss 0.4209 train_psnr 12.40 (0.16s/it)
step 2600/40000 loss 0.3857 train_psnr 12.74 (0.16s/it)
step 2800/40000 loss 0.3583 train_psnr 14.28 (0.16s/it)
step 3000/40000 loss 0.3187 train_psnr 16.28 (0.16s/it)
step 3200/40000 loss 0.3161 train_psnr 16.72 (0.16s/it)
step 3400/40000 loss 0.3218 train_psnr 17.03 (0.16s/it)
step 3600/40000 loss 0.3147 train_psnr 17.59 (0.16s/it)
step 3800/40000 loss 0.2960 train_psnr 17.98 (0.16s/it)
step 4000/40000 loss 0.2816 train_psnr 19.35 (0.16s/it)
eval: {"step": 4000, "variant": "lpips", "psnr@5.0": 18.958023071289062, "psnr@10.0": 18.986709594726562, "psnr@15.0": 18.9945068359375}
step 4200/40000 loss 0.2768 train_psnr 19.93 (0.16s/it)
step 4400/40000 loss 0.2873 train_psnr 20.31 (0.16s/it)
step 4600/40000 loss 0.2766 train_psnr 20.09 (0.16s/it)
step 4800/40000 loss 0.2719 train_psnr 20.60 (0.16s/it)
step 5000/40000 loss 0.2629 train_psnr 20.16 (0.16s/it)
step 5200/40000 loss 0.2605 train_psnr 20.83 (0.16s/it)
step 5400/40000 loss 0.2583 train_psnr 20.99 (0.16s/it)
step 5600/40000 loss 0.2514 train_psnr 21.50 (0.16s/it)
step 5800/40000 loss 0.2507 train_psnr 21.25 (0.16s/it)
step 6000/40000 loss 0.2340 train_psnr 21.72 (0.16s/it)
step 6200/40000 loss 0.2587 train_psnr 21.77 (0.16s/it)
step 6400/40000 loss 0.2514 train_psnr 21.37 (0.16s/it)
step 6600/40000 loss 0.2348 train_psnr 21.86 (0.16s/it)
step 6800/40000 loss 0.2486 train_psnr 21.77 (0.16s/it)
step 7000/40000 loss 0.2239 train_psnr 22.32 (0.16s/it)
step 7200/40000 loss 0.2344 train_psnr 22.44 (0.16s/it)
step 7400/40000 loss 0.2174 train_psnr 23.39 (0.16s/it)
step 7600/40000 loss 0.2313 train_psnr 22.00 (0.16s/it)
step 7800/40000 loss 0.2281 train_psnr 22.91 (0.16s/it)
step 8000/40000 loss 0.2178 train_psnr 22.42 (0.16s/it)
eval: {"step": 8000, "variant": "lpips", "psnr@5.0": 21.82994842529297, "psnr@10.0": 21.985488891601562, "psnr@15.0": 22.02252960205078}
step 8200/40000 loss 0.2262 train_psnr 22.77 (0.16s/it)
step 8400/40000 loss 0.2238 train_psnr 22.58 (0.16s/it)
step 8600/40000 loss 0.2176 train_psnr 23.10 (0.16s/it)
step 8800/40000 loss 0.2164 train_psnr 22.43 (0.16s/it)
step 9000/40000 loss 0.2159 train_psnr 22.88 (0.16s/it)
step 9200/40000 loss 0.2086 train_psnr 23.54 (0.16s/it)
step 9400/40000 loss 0.2225 train_psnr 22.78 (0.16s/it)
step 9600/40000 loss 0.2201 train_psnr 23.67 (0.16s/it)
step 9800/40000 loss 0.2001 train_psnr 23.27 (0.16s/it)
step 10000/40000 loss 0.2117 train_psnr 22.70 (0.16s/it)
step 10200/40000 loss 0.2108 train_psnr 23.48 (0.16s/it)
step 10400/40000 loss 0.1953 train_psnr 23.41 (0.16s/it)
step 10600/40000 loss 0.1986 train_psnr 24.06 (0.16s/it)
step 10800/40000 loss 0.2011 train_psnr 24.04 (0.16s/it)
step 11000/40000 loss 0.2107 train_psnr 23.49 (0.16s/it)
step 11200/40000 loss 0.2071 train_psnr 23.64 (0.16s/it)
step 11400/40000 loss 0.1984 train_psnr 23.29 (0.16s/it)
step 11600/40000 loss 0.1949 train_psnr 23.57 (0.16s/it)
step 11800/40000 loss 0.1963 train_psnr 24.13 (0.16s/it)
step 12000/40000 loss 0.1861 train_psnr 23.57 (0.16s/it)
eval: {"step": 12000, "variant": "lpips", "psnr@5.0": 23.159957885742188, "psnr@10.0": 23.39383316040039, "psnr@15.0": 23.46257972717285}
step 12200/40000 loss 0.1999 train_psnr 23.28 (0.16s/it)
step 12400/40000 loss 0.1794 train_psnr 24.20 (0.16s/it)
step 12600/40000 loss 0.1860 train_psnr 24.62 (0.16s/it)
step 12800/40000 loss 0.2169 train_psnr 23.36 (0.16s/it)
step 13000/40000 loss 0.1678 train_psnr 24.76 (0.16s/it)
step 13200/40000 loss 0.1840 train_psnr 24.27 (0.16s/it)
step 13400/40000 loss 0.1959 train_psnr 24.20 (0.16s/it)
step 13600/40000 loss 0.1790 train_psnr 25.43 (0.16s/it)
step 13800/40000 loss 0.1865 train_psnr 24.43 (0.16s/it)
step 14000/40000 loss 0.1801 train_psnr 24.62 (0.16s/it)
step 14200/40000 loss 0.1820 train_psnr 23.71 (0.16s/it)
step 14400/40000 loss 0.1729 train_psnr 24.88 (0.16s/it)
step 14600/40000 loss 0.1844 train_psnr 23.91 (0.16s/it)
step 14800/40000 loss 0.1944 train_psnr 23.47 (0.16s/it)
step 15000/40000 loss 0.1696 train_psnr 25.01 (0.16s/it)
step 15200/40000 loss 0.1816 train_psnr 25.03 (0.16s/it)
step 15400/40000 loss 0.1980 train_psnr 24.15 (0.16s/it)
step 15600/40000 loss 0.1846 train_psnr 24.47 (0.16s/it)
step 15800/40000 loss 0.1808 train_psnr 23.83 (0.16s/it)
step 16000/40000 loss 0.1801 train_psnr 24.60 (0.16s/it)
eval: {"step": 16000, "variant": "lpips", "psnr@5.0": 23.88201141357422, "psnr@10.0": 24.206787109375, "psnr@15.0": 24.311416625976562}
step 16200/40000 loss 0.2036 train_psnr 22.97 (0.16s/it)
step 16400/40000 loss 0.1733 train_psnr 24.86 (0.16s/it)
step 16600/40000 loss 0.1979 train_psnr 24.30 (0.16s/it)
step 16800/40000 loss 0.1700 train_psnr 24.80 (0.16s/it)
step 17000/40000 loss 0.1761 train_psnr 25.10 (0.16s/it)
step 17200/40000 loss 0.1754 train_psnr 24.10 (0.16s/it)
step 17400/40000 loss 0.1923 train_psnr 23.93 (0.16s/it)
step 17600/40000 loss 0.1738 train_psnr 24.74 (0.16s/it)
step 17800/40000 loss 0.1718 train_psnr 24.89 (0.16s/it)
step 18000/40000 loss 0.1698 train_psnr 25.67 (0.16s/it)
step 18200/40000 loss 0.1756 train_psnr 25.18 (0.16s/it)
step 18400/40000 loss 0.1640 train_psnr 25.06 (0.16s/it)
step 18600/40000 loss 0.1694 train_psnr 24.82 (0.16s/it)
step 18800/40000 loss 0.1689 train_psnr 24.59 (0.16s/it)
step 19000/40000 loss 0.1849 train_psnr 23.85 (0.16s/it)
step 19200/40000 loss 0.1756 train_psnr 24.41 (0.16s/it)
step 19400/40000 loss 0.1769 train_psnr 24.62 (0.16s/it)
step 19600/40000 loss 0.1692 train_psnr 24.73 (0.16s/it)
step 19800/40000 loss 0.1607 train_psnr 25.13 (0.16s/it)
step 20000/40000 loss 0.1803 train_psnr 24.81 (0.16s/it)
eval: {"step": 20000, "variant": "lpips", "psnr@5.0": 24.469459533691406, "psnr@10.0": 24.867107391357422, "psnr@15.0": 25.00566864013672}
step 20200/40000 loss 0.1618 train_psnr 25.32 (0.16s/it)
step 20400/40000 loss 0.1868 train_psnr 24.41 (0.16s/it)
step 20600/40000 loss 0.1489 train_psnr 25.52 (0.16s/it)
step 20800/40000 loss 0.1818 train_psnr 24.28 (0.16s/it)
step 21000/40000 loss 0.1584 train_psnr 24.23 (0.16s/it)
step 21200/40000 loss 0.1737 train_psnr 24.78 (0.16s/it)
step 21400/40000 loss 0.1624 train_psnr 24.89 (0.16s/it)
step 21600/40000 loss 0.1718 train_psnr 24.34 (0.16s/it)
step 21800/40000 loss 0.1672 train_psnr 24.87 (0.16s/it)
step 22000/40000 loss 0.1758 train_psnr 24.59 (0.16s/it)
step 22200/40000 loss 0.1673 train_psnr 24.58 (0.16s/it)
step 22400/40000 loss 0.1651 train_psnr 24.93 (0.16s/it)
step 22600/40000 loss 0.1656 train_psnr 24.13 (0.16s/it)
step 22800/40000 loss 0.1634 train_psnr 25.07 (0.16s/it)
step 23000/40000 loss 0.1804 train_psnr 24.19 (0.16s/it)
step 23200/40000 loss 0.1691 train_psnr 24.70 (0.16s/it)
step 23400/40000 loss 0.1785 train_psnr 24.80 (0.16s/it)
step 23600/40000 loss 0.1672 train_psnr 24.94 (0.16s/it)
step 23800/40000 loss 0.1624 train_psnr 24.26 (0.16s/it)
step 24000/40000 loss 0.1569 train_psnr 26.00 (0.16s/it)
eval: {"step": 24000, "variant": "lpips", "psnr@5.0": 24.456920623779297, "psnr@10.0": 24.854572296142578, "psnr@15.0": 24.99136734008789}
step 24200/40000 loss 0.1525 train_psnr 25.59 (0.16s/it)
step 24400/40000 loss 0.1643 train_psnr 25.21 (0.16s/it)
step 24600/40000 loss 0.1703 train_psnr 24.38 (0.16s/it)
step 24800/40000 loss 0.1506 train_psnr 25.59 (0.16s/it)
step 25000/40000 loss 0.1642 train_psnr 24.35 (0.16s/it)
step 25200/40000 loss 0.1598 train_psnr 25.29 (0.16s/it)
step 25400/40000 loss 0.1728 train_psnr 25.46 (0.16s/it)
step 25600/40000 loss 0.1708 train_psnr 24.79 (0.16s/it)
step 25800/40000 loss 0.1788 train_psnr 23.95 (0.16s/it)
step 26000/40000 loss 0.1707 train_psnr 25.05 (0.16s/it)
step 26200/40000 loss 0.1689 train_psnr 24.14 (0.16s/it)
step 26400/40000 loss 0.1627 train_psnr 24.64 (0.16s/it)
step 26600/40000 loss 0.1585 train_psnr 24.86 (0.16s/it)
step 26800/40000 loss 0.1635 train_psnr 24.75 (0.16s/it)
step 27000/40000 loss 0.1683 train_psnr 25.01 (0.16s/it)
step 27200/40000 loss 0.1791 train_psnr 25.09 (0.16s/it)
step 27400/40000 loss 0.1583 train_psnr 24.35 (0.16s/it)
step 27600/40000 loss 0.1499 train_psnr 24.70 (0.16s/it)
step 27800/40000 loss 0.1647 train_psnr 24.71 (0.16s/it)
step 28000/40000 loss 0.1582 train_psnr 24.77 (0.16s/it)
eval: {"step": 28000, "variant": "lpips", "psnr@5.0": 24.518447875976562, "psnr@10.0": 24.9111385345459, "psnr@15.0": 25.04737091064453}
step 28200/40000 loss 0.1522 train_psnr 24.79 (0.16s/it)
step 28400/40000 loss 0.1499 train_psnr 25.04 (0.16s/it)
step 28600/40000 loss 0.1564 train_psnr 24.80 (0.16s/it)
step 28800/40000 loss 0.1552 train_psnr 25.50 (0.16s/it)
step 29000/40000 loss 0.1647 train_psnr 24.83 (0.16s/it)
step 29200/40000 loss 0.1522 train_psnr 25.65 (0.16s/it)
step 29400/40000 loss 0.1614 train_psnr 25.30 (0.16s/it)
step 29600/40000 loss 0.1457 train_psnr 25.75 (0.16s/it)
step 29800/40000 loss 0.1532 train_psnr 25.16 (0.16s/it)
step 30000/40000 loss 0.1582 train_psnr 24.57 (0.16s/it)
step 30200/40000 loss 0.1844 train_psnr 24.50 (0.16s/it)
step 30400/40000 loss 0.1768 train_psnr 24.57 (0.16s/it)
step 30600/40000 loss 0.1706 train_psnr 25.38 (0.16s/it)
step 30800/40000 loss 0.1546 train_psnr 25.00 (0.16s/it)
step 31000/40000 loss 0.1594 train_psnr 25.37 (0.16s/it)
step 31200/40000 loss 0.1533 train_psnr 24.71 (0.16s/it)
step 31400/40000 loss 0.1624 train_psnr 24.81 (0.16s/it)
step 31600/40000 loss 0.1540 train_psnr 24.53 (0.16s/it)
step 31800/40000 loss 0.1676 train_psnr 24.04 (0.16s/it)
step 32000/40000 loss 0.1592 train_psnr 25.19 (0.16s/it)
eval: {"step": 32000, "variant": "lpips", "psnr@5.0": 24.611103057861328, "psnr@10.0": 25.010541915893555, "psnr@15.0": 25.153423309326172}
step 32200/40000 loss 0.1690 train_psnr 24.73 (0.16s/it)
step 32400/40000 loss 0.1485 train_psnr 25.27 (0.16s/it)
step 32600/40000 loss 0.1864 train_psnr 24.90 (0.16s/it)
step 32800/40000 loss 0.1554 train_psnr 25.15 (0.16s/it)
step 33000/40000 loss 0.1498 train_psnr 25.78 (0.16s/it)
step 33200/40000 loss 0.1599 train_psnr 24.88 (0.16s/it)
step 33400/40000 loss 0.1702 train_psnr 24.87 (0.16s/it)
step 33600/40000 loss 0.1539 train_psnr 25.02 (0.16s/it)
step 33800/40000 loss 0.1530 train_psnr 25.78 (0.16s/it)
step 34000/40000 loss 0.1413 train_psnr 25.66 (0.16s/it)
step 34200/40000 loss 0.1645 train_psnr 24.59 (0.16s/it)
step 34400/40000 loss 0.1559 train_psnr 24.37 (0.16s/it)
step 34600/40000 loss 0.1513 train_psnr 25.63 (0.16s/it)
step 34800/40000 loss 0.1598 train_psnr 25.24 (0.16s/it)
step 35000/40000 loss 0.1533 train_psnr 24.75 (0.16s/it)
step 35200/40000 loss 0.1632 train_psnr 24.52 (0.16s/it)
step 35400/40000 loss 0.1603 train_psnr 24.73 (0.16s/it)
step 35600/40000 loss 0.1565 train_psnr 25.18 (0.16s/it)
step 35800/40000 loss 0.1507 train_psnr 25.26 (0.16s/it)
step 36000/40000 loss 0.1812 train_psnr 23.74 (0.16s/it)
eval: {"step": 36000, "variant": "lpips", "psnr@5.0": 24.69910430908203, "psnr@10.0": 25.127227783203125, "psnr@15.0": 25.2747859954834}
step 36200/40000 loss 0.1574 train_psnr 25.13 (0.16s/it)
step 36400/40000 loss 0.1612 train_psnr 25.15 (0.16s/it)
step 36600/40000 loss 0.1448 train_psnr 25.27 (0.16s/it)
step 36800/40000 loss 0.1526 train_psnr 25.59 (0.16s/it)
step 37000/40000 loss 0.1662 train_psnr 24.17 (0.16s/it)
step 37200/40000 loss 0.1585 train_psnr 24.91 (0.16s/it)
step 37400/40000 loss 0.1603 train_psnr 24.72 (0.16s/it)
step 37600/40000 loss 0.1422 train_psnr 26.12 (0.16s/it)
step 37800/40000 loss 0.1573 train_psnr 25.32 (0.16s/it)
step 38000/40000 loss 0.1492 train_psnr 25.05 (0.16s/it)
step 38200/40000 loss 0.1528 train_psnr 25.38 (0.16s/it)
step 38400/40000 loss 0.1647 train_psnr 24.69 (0.16s/it)
step 38600/40000 loss 0.1461 train_psnr 26.00 (0.16s/it)
step 38800/40000 loss 0.1586 train_psnr 25.42 (0.16s/it)
step 39000/40000 loss 0.1641 train_psnr 25.35 (0.16s/it)
step 39200/40000 loss 0.1681 train_psnr 24.96 (0.16s/it)
step 39400/40000 loss 0.1646 train_psnr 24.39 (0.16s/it)
step 39600/40000 loss 0.1566 train_psnr 25.33 (0.16s/it)
step 39800/40000 loss 0.1592 train_psnr 24.95 (0.16s/it)
step 40000/40000 loss 0.1670 train_psnr 24.72 (0.16s/it)
eval: {"step": 40000, "variant": "lpips", "psnr@5.0": 24.699853897094727, "psnr@10.0": 25.12999725341797, "psnr@15.0": 25.27945327758789}
done. best psnr@10dB = 25.13
