/tmp2/cshsieh/mvsplat/src/scripts/train_deepjscc.py:34: FutureWarning: You are using `torch.load` with `weights_only=False` (the current default value), which uses the default pickle module implicitly. It is possible to construct malicious pickle data which will execute arbitrary code during unpickling (See https://github.com/pytorch/pytorch/blob/main/SECURITY.md#untrusted-models for more details). In a future release, the default value for `weights_only` will be flipped to `True`. This limits the functions that could be executed during unpickling. Arbitrary objects will no longer be allowed to be loaded via this mode unless they are explicitly allowlisted by the user via `torch.serialization.add_safe_globals`. We recommend you start setting `weights_only=True` for any use case where you don't have full control of the loaded file. Please open an issue on GitHub for any issues related to this experimental feature.
  for example in torch.load(chunk_path):
datasets/re10k/train: 5488 frames
datasets/re10k/test: 5571 frames
step 200/40000 loss 0.0174 train_psnr 17.59 (0.02s/it)
step 400/40000 loss 0.0110 train_psnr 19.60 (0.02s/it)
step 600/40000 loss 0.0090 train_psnr 20.44 (0.01s/it)
step 800/40000 loss 0.0070 train_psnr 21.52 (0.01s/it)
step 1000/40000 loss 0.0082 train_psnr 20.85 (0.01s/it)
step 1200/40000 loss 0.0068 train_psnr 21.65 (0.01s/it)
step 1400/40000 loss 0.0067 train_psnr 21.71 (0.01s/it)
step 1600/40000 loss 0.0059 train_psnr 22.30 (0.01s/it)
step 1800/40000 loss 0.0047 train_psnr 23.25 (0.01s/it)
step 2000/40000 loss 0.0063 train_psnr 22.02 (0.01s/it)
step 2200/40000 loss 0.0053 train_psnr 22.77 (0.01s/it)
step 2400/40000 loss 0.0043 train_psnr 23.67 (0.01s/it)
step 2600/40000 loss 0.0045 train_psnr 23.47 (0.01s/it)
step 2800/40000 loss 0.0046 train_psnr 23.38 (0.01s/it)
step 3000/40000 loss 0.0041 train_psnr 23.91 (0.01s/it)
step 3200/40000 loss 0.0049 train_psnr 23.09 (0.01s/it)
step 3400/40000 loss 0.0043 train_psnr 23.66 (0.01s/it)
step 3600/40000 loss 0.0035 train_psnr 24.57 (0.01s/it)
step 3800/40000 loss 0.0035 train_psnr 24.59 (0.01s/it)
step 4000/40000 loss 0.0039 train_psnr 24.08 (0.01s/it)
eval: {"step": 4000, "variant": "mse", "psnr@5.0": 23.84280014038086, "psnr@10.0": 24.39113998413086, "psnr@15.0": 24.57415771484375}
step 4200/40000 loss 0.0040 train_psnr 23.96 (0.01s/it)
step 4400/40000 loss 0.0039 train_psnr 24.08 (0.01s/it)
step 4600/40000 loss 0.0037 train_psnr 24.34 (0.01s/it)
step 4800/40000 loss 0.0032 train_psnr 24.98 (0.01s/it)
step 5000/40000 loss 0.0041 train_psnr 23.90 (0.01s/it)
step 5200/40000 loss 0.0030 train_psnr 25.28 (0.01s/it)
step 5400/40000 loss 0.0029 train_psnr 25.38 (0.01s/it)
step 5600/40000 loss 0.0026 train_psnr 25.79 (0.01s/it)
step 5800/40000 loss 0.0038 train_psnr 24.18 (0.01s/it)
step 6000/40000 loss 0.0024 train_psnr 26.25 (0.01s/it)
step 6200/40000 loss 0.0030 train_psnr 25.30 (0.01s/it)
step 6400/40000 loss 0.0038 train_psnr 24.23 (0.01s/it)
step 6600/40000 loss 0.0024 train_psnr 26.19 (0.01s/it)
step 6800/40000 loss 0.0028 train_psnr 25.59 (0.01s/it)
step 7000/40000 loss 0.0028 train_psnr 25.46 (0.01s/it)
step 7200/40000 loss 0.0026 train_psnr 25.92 (0.01s/it)
step 7400/40000 loss 0.0028 train_psnr 25.47 (0.01s/it)
step 7600/40000 loss 0.0030 train_psnr 25.25 (0.01s/it)
step 7800/40000 loss 0.0031 train_psnr 25.02 (0.01s/it)
step 8000/40000 loss 0.0021 train_psnr 26.72 (0.01s/it)
eval: {"step": 8000, "variant": "mse", "psnr@5.0": 25.35129165649414, "psnr@10.0": 26.088388442993164, "psnr@15.0": 26.34653091430664}
step 8200/40000 loss 0.0025 train_psnr 25.95 (0.01s/it)
step 8400/40000 loss 0.0030 train_psnr 25.28 (0.01s/it)
step 8600/40000 loss 0.0024 train_psnr 26.17 (0.01s/it)
step 8800/40000 loss 0.0021 train_psnr 26.86 (0.01s/it)
step 9000/40000 loss 0.0029 train_psnr 25.32 (0.01s/it)
step 9200/40000 loss 0.0029 train_psnr 25.41 (0.01s/it)
step 9400/40000 loss 0.0024 train_psnr 26.23 (0.01s/it)
step 9600/40000 loss 0.0031 train_psnr 25.02 (0.01s/it)
step 9800/40000 loss 0.0019 train_psnr 27.15 (0.01s/it)
step 10000/40000 loss 0.0021 train_psnr 26.70 (0.01s/it)
step 10200/40000 loss 0.0022 train_psnr 26.54 (0.01s/it)
step 10400/40000 loss 0.0020 train_psnr 27.01 (0.01s/it)
step 10600/40000 loss 0.0028 train_psnr 25.46 (0.01s/it)
step 10800/40000 loss 0.0024 train_psnr 26.25 (0.01s/it)
step 11000/40000 loss 0.0026 train_psnr 25.81 (0.01s/it)
step 11200/40000 loss 0.0024 train_psnr 26.22 (0.01s/it)
step 11400/40000 loss 0.0016 train_psnr 27.85 (0.01s/it)
step 11600/40000 loss 0.0019 train_psnr 27.23 (0.01s/it)
step 11800/40000 loss 0.0025 train_psnr 26.08 (0.01s/it)
step 12000/40000 loss 0.0018 train_psnr 27.57 (0.01s/it)
eval: {"step": 12000, "variant": "mse", "psnr@5.0": 26.1326904296875, "psnr@10.0": 27.03951644897461, "psnr@15.0": 27.36739158630371}
step 12200/40000 loss 0.0019 train_psnr 27.16 (0.01s/it)
step 12400/40000 loss 0.0025 train_psnr 26.04 (0.01s/it)
step 12600/40000 loss 0.0023 train_psnr 26.35 (0.01s/it)
step 12800/40000 loss 0.0018 train_psnr 27.35 (0.01s/it)
step 13000/40000 loss 0.0023 train_psnr 26.37 (0.01s/it)
step 13200/40000 loss 0.0022 train_psnr 26.56 (0.01s/it)
step 13400/40000 loss 0.0021 train_psnr 26.84 (0.01s/it)
step 13600/40000 loss 0.0022 train_psnr 26.50 (0.01s/it)
step 13800/40000 loss 0.0022 train_psnr 26.59 (0.01s/it)
step 14000/40000 loss 0.0017 train_psnr 27.70 (0.01s/it)
step 14200/40000 loss 0.0025 train_psnr 26.07 (0.01s/it)
step 14400/40000 loss 0.0021 train_psnr 26.85 (0.01s/it)
step 14600/40000 loss 0.0020 train_psnr 27.10 (0.01s/it)
step 14800/40000 loss 0.0022 train_psnr 26.61 (0.01s/it)
step 15000/40000 loss 0.0020 train_psnr 27.05 (0.01s/it)
step 15200/40000 loss 0.0020 train_psnr 26.93 (0.01s/it)
step 15400/40000 loss 0.0019 train_psnr 27.11 (0.01s/it)
step 15600/40000 loss 0.0022 train_psnr 26.52 (0.01s/it)
step 15800/40000 loss 0.0015 train_psnr 28.11 (0.01s/it)
step 16000/40000 loss 0.0016 train_psnr 27.90 (0.01s/it)
eval: {"step": 16000, "variant": "mse", "psnr@5.0": 26.575857162475586, "psnr@10.0": 27.580535888671875, "psnr@15.0": 27.951332092285156}
step 16200/40000 loss 0.0021 train_psnr 26.79 (0.01s/it)
step 16400/40000 loss 0.0018 train_psnr 27.45 (0.01s/it)
step 16600/40000 loss 0.0022 train_psnr 26.67 (0.01s/it)
step 16800/40000 loss 0.0022 train_psnr 26.65 (0.01s/it)
step 17000/40000 loss 0.0023 train_psnr 26.44 (0.01s/it)
step 17200/40000 loss 0.0019 train_psnr 27.31 (0.01s/it)
step 17400/40000 loss 0.0021 train_psnr 26.88 (0.01s/it)
step 17600/40000 loss 0.0022 train_psnr 26.66 (0.01s/it)
step 17800/40000 loss 0.0018 train_psnr 27.46 (0.01s/it)
step 18000/40000 loss 0.0017 train_psnr 27.78 (0.01s/it)
step 18200/40000 loss 0.0020 train_psnr 26.95 (0.01s/it)
step 18400/40000 loss 0.0018 train_psnr 27.50 (0.01s/it)
step 18600/40000 loss 0.0019 train_psnr 27.14 (0.01s/it)
step 18800/40000 loss 0.0020 train_psnr 27.04 (0.01s/it)
step 19000/40000 loss 0.0020 train_psnr 27.06 (0.01s/it)
step 19200/40000 loss 0.0018 train_psnr 27.40 (0.01s/it)
step 19400/40000 loss 0.0016 train_psnr 28.06 (0.01s/it)
step 19600/40000 loss 0.0016 train_psnr 27.87 (0.01s/it)
step 19800/40000 loss 0.0018 train_psnr 27.45 (0.01s/it)
step 20000/40000 loss 0.0022 train_psnr 26.60 (0.01s/it)
eval: {"step": 20000, "variant": "mse", "psnr@5.0": 26.850086212158203, "psnr@10.0": 27.902660369873047, "psnr@15.0": 28.301088333129883}
step 20200/40000 loss 0.0017 train_psnr 27.64 (0.01s/it)
step 20400/40000 loss 0.0022 train_psnr 26.57 (0.01s/it)
step 20600/40000 loss 0.0016 train_psnr 27.85 (0.01s/it)
step 20800/40000 loss 0.0022 train_psnr 26.61 (0.01s/it)
step 21000/40000 loss 0.0013 train_psnr 28.88 (0.01s/it)
step 21200/40000 loss 0.0017 train_psnr 27.63 (0.01s/it)
step 21400/40000 loss 0.0020 train_psnr 27.00 (0.01s/it)
step 21600/40000 loss 0.0019 train_psnr 27.27 (0.01s/it)
step 21800/40000 loss 0.0020 train_psnr 27.00 (0.01s/it)
step 22000/40000 loss 0.0018 train_psnr 27.33 (0.01s/it)
step 22200/40000 loss 0.0014 train_psnr 28.58 (0.01s/it)
step 22400/40000 loss 0.0017 train_psnr 27.79 (0.01s/it)
step 22600/40000 loss 0.0016 train_psnr 28.02 (0.01s/it)
step 22800/40000 loss 0.0017 train_psnr 27.64 (0.01s/it)
step 23000/40000 loss 0.0020 train_psnr 27.02 (0.01s/it)
step 23200/40000 loss 0.0019 train_psnr 27.30 (0.01s/it)
step 23400/40000 loss 0.0018 train_psnr 27.43 (0.01s/it)
step 23600/40000 loss 0.0021 train_psnr 26.87 (0.01s/it)
step 23800/40000 loss 0.0018 train_psnr 27.42 (0.01s/it)
step 24000/40000 loss 0.0015 train_psnr 28.12 (0.01s/it)
eval: {"step": 24000, "variant": "mse", "psnr@5.0": 26.989870071411133, "psnr@10.0": 28.067676544189453, "psnr@15.0": 28.486461639404297}
step 24200/40000 loss 0.0016 train_psnr 27.87 (0.01s/it)
step 24400/40000 loss 0.0016 train_psnr 27.94 (0.01s/it)
step 24600/40000 loss 0.0016 train_psnr 28.00 (0.01s/it)
step 24800/40000 loss 0.0015 train_psnr 28.17 (0.01s/it)
step 25000/40000 loss 0.0016 train_psnr 27.84 (0.01s/it)
step 25200/40000 loss 0.0017 train_psnr 27.72 (0.01s/it)
step 25400/40000 loss 0.0016 train_psnr 27.88 (0.01s/it)
step 25600/40000 loss 0.0019 train_psnr 27.26 (0.01s/it)
step 25800/40000 loss 0.0018 train_psnr 27.43 (0.01s/it)
step 26000/40000 loss 0.0021 train_psnr 26.83 (0.01s/it)
step 26200/40000 loss 0.0016 train_psnr 27.89 (0.01s/it)
step 26400/40000 loss 0.0021 train_psnr 26.74 (0.01s/it)
step 26600/40000 loss 0.0018 train_psnr 27.33 (0.01s/it)
step 26800/40000 loss 0.0017 train_psnr 27.70 (0.01s/it)
step 27000/40000 loss 0.0021 train_psnr 26.84 (0.01s/it)
step 27200/40000 loss 0.0020 train_psnr 26.91 (0.01s/it)
step 27400/40000 loss 0.0013 train_psnr 28.88 (0.01s/it)
step 27600/40000 loss 0.0018 train_psnr 27.57 (0.01s/it)
step 27800/40000 loss 0.0019 train_psnr 27.11 (0.01s/it)
step 28000/40000 loss 0.0018 train_psnr 27.47 (0.01s/it)
eval: {"step": 28000, "variant": "mse", "psnr@5.0": 27.058717727661133, "psnr@10.0": 28.14520835876465, "psnr@15.0": 28.568193435668945}
step 28200/40000 loss 0.0016 train_psnr 27.87 (0.01s/it)
step 28400/40000 loss 0.0026 train_psnr 25.92 (0.01s/it)
step 28600/40000 loss 0.0019 train_psnr 27.25 (0.01s/it)
step 28800/40000 loss 0.0015 train_psnr 28.13 (0.01s/it)
step 29000/40000 loss 0.0019 train_psnr 27.18 (0.01s/it)
step 29200/40000 loss 0.0016 train_psnr 28.03 (0.01s/it)
step 29400/40000 loss 0.0018 train_psnr 27.49 (0.01s/it)
step 29600/40000 loss 0.0017 train_psnr 27.61 (0.01s/it)
step 29800/40000 loss 0.0020 train_psnr 27.00 (0.01s/it)
step 30000/40000 loss 0.0015 train_psnr 28.21 (0.01s/it)
step 30200/40000 loss 0.0019 train_psnr 27.27 (0.01s/it)
step 30400/40000 loss 0.0019 train_psnr 27.19 (0.01s/it)
step 30600/40000 loss 0.0019 train_psnr 27.21 (0.01s/it)
step 30800/40000 loss 0.0015 train_psnr 28.26 (0.01s/it)
step 31000/40000 loss 0.0018 train_psnr 27.56 (0.01s/it)
step 31200/40000 loss 0.0014 train_psnr 28.47 (0.01s/it)
step 31400/40000 loss 0.0019 train_psnr 27.21 (0.01s/it)
step 31600/40000 loss 0.0015 train_psnr 28.35 (0.01s/it)
step 31800/40000 loss 0.0017 train_psnr 27.58 (0.01s/it)
step 32000/40000 loss 0.0014 train_psnr 28.65 (0.01s/it)
eval: {"step": 32000, "variant": "mse", "psnr@5.0": 27.17574119567871, "psnr@10.0": 28.304363250732422, "psnr@15.0": 28.74265480041504}
step 32200/40000 loss 0.0016 train_psnr 27.99 (0.01s/it)
step 32400/40000 loss 0.0015 train_psnr 28.36 (0.01s/it)
step 32600/40000 loss 0.0023 train_psnr 26.35 (0.01s/it)
step 32800/40000 loss 0.0014 train_psnr 28.58 (0.01s/it)
step 33000/40000 loss 0.0017 train_psnr 27.71 (0.01s/it)
step 33200/40000 loss 0.0014 train_psnr 28.43 (0.01s/it)
step 33400/40000 loss 0.0016 train_psnr 27.95 (0.01s/it)
step 33600/40000 loss 0.0017 train_psnr 27.72 (0.01s/it)
step 33800/40000 loss 0.0016 train_psnr 27.96 (0.01s/it)
step 34000/40000 loss 0.0020 train_psnr 27.05 (0.01s/it)
step 34200/40000 loss 0.0017 train_psnr 27.63 (0.01s/it)
step 34400/40000 loss 0.0015 train_psnr 28.14 (0.01s/it)
step 34600/40000 loss 0.0015 train_psnr 28.30 (0.01s/it)
step 34800/40000 loss 0.0014 train_psnr 28.69 (0.01s/it)
step 35000/40000 loss 0.0014 train_psnr 28.61 (0.01s/it)
step 35200/40000 loss 0.0015 train_psnr 28.12 (0.01s/it)
step 35400/40000 loss 0.0015 train_psnr 28.20 (0.01s/it)
step 35600/40000 loss 0.0015 train_psnr 28.28 (0.01s/it)
step 35800/40000 loss 0.0021 train_psnr 26.71 (0.01s/it)
step 36000/40000 loss 0.0019 train_psnr 27.32 (0.01s/it)
eval: {"step": 36000, "variant": "mse", "psnr@5.0": 27.232046127319336, "psnr@10.0": 28.376689910888672, "psnr@15.0": 28.821632385253906}
step 36200/40000 loss 0.0015 train_psnr 28.31 (0.01s/it)
step 36400/40000 loss 0.0017 train_psnr 27.72 (0.01s/it)
step 36600/40000 loss 0.0014 train_psnr 28.69 (0.01s/it)
step 36800/40000 loss 0.0013 train_psnr 28.89 (0.01s/it)
step 37000/40000 loss 0.0019 train_psnr 27.14 (0.01s/it)
step 37200/40000 loss 0.0017 train_psnr 27.63 (0.01s/it)
step 37400/40000 loss 0.0016 train_psnr 27.95 (0.01s/it)
step 37600/40000 loss 0.0016 train_psnr 27.90 (0.01s/it)
step 37800/40000 loss 0.0014 train_psnr 28.49 (0.01s/it)
step 38000/40000 loss 0.0020 train_psnr 26.93 (0.01s/it)
step 38200/40000 loss 0.0016 train_psnr 28.09 (0.01s/it)
step 38400/40000 loss 0.0016 train_psnr 27.92 (0.01s/it)
step 38600/40000 loss 0.0018 train_psnr 27.42 (0.01s/it)
step 38800/40000 loss 0.0016 train_psnr 27.85 (0.01s/it)
step 39000/40000 loss 0.0016 train_psnr 27.94 (0.01s/it)
step 39200/40000 loss 0.0021 train_psnr 26.86 (0.01s/it)
step 39400/40000 loss 0.0015 train_psnr 28.12 (0.01s/it)
step 39600/40000 loss 0.0016 train_psnr 27.89 (0.01s/it)
step 39800/40000 loss 0.0019 train_psnr 27.33 (0.01s/it)
step 40000/40000 loss 0.0018 train_psnr 27.33 (0.01s/it)
eval: {"step": 40000, "variant": "mse", "psnr@5.0": 27.242332458496094, "psnr@10.0": 28.386024475097656, "psnr@15.0": 28.835708618164062}
done. best psnr@10dB = 28.39
